<?xml version="1.0" encoding="UTF-8"?>
<testsuite xmlns:xsi="http://www.w3.org/2001/XMLSchema-instance" xsi:noNamespaceSchemaLocation="https://maven.apache.org/surefire/maven-surefire-plugin/xsd/surefire-test-report.xsd" name="TestSuite" time="117.929" tests="6" errors="0" skipped="0" failures="0">
  <properties>
[...]
</properties>
  <testcase name="FlightPageInformation" classname="Academy.FlightBooking" time="4.608"/>
  <testcase name="Journey" classname="Academy.FlightBooking" time="23.379"/>
  <testcase name="passenger" classname="Academy.FlightBooking" time="14.139"/>
  <testcase name="PageNavigation" classname="Academy.validateNavigationBar" time="0.091"/>
  <testcase name="windowhandle" classname="Academy.validateNavigationBar" time="12.069"/>
  <testcase name="Titlepage" classname="Academy.validateNavigationBar" time="3.019"/>
</testsuite>