<?xml version="1.0" encoding="UTF-8"?>
<!-- Generated by org.testng.reporters.JUnitXMLReporter -->
<testsuite hostname="DESKTOP-6N2FK7G" name="Validating navigation Bar" tests="3" failures="0" timestamp="29 Jun 2020 03:51:54 GMT" time="54.61" errors="0">
  <testcase name="PageNavigation" time="0.101" classname="Academy.validateNavigationBar"/>
  <testcase name="windowhandle" time="15.226" classname="Academy.validateNavigationBar"/>
  <testcase name="Titlepage" time="10.263" classname="Academy.validateNavigationBar"/>
</testsuite> <!-- Validating navigation Bar -->
